[2016-11-14 10:34:25] Start:MetricHunterTask
MetricHunter 8.1.0 - Java (build 8717#45019 Win64) - (C) 2001-2016 FrontEndART Ltd.
Warning: Metric 'WarningBlocker' is not calculated for the 'Class' entities!
Warning: Rule for the following threshold configuration has not been built into the graph!
m_id: WarningBlocker Relation:gt Value:0 Entities: Class
Warning: Metric 'WarningBlocker' is not calculated for the 'Interface' entities!
Warning: Rule for the following threshold configuration has not been built into the graph!
m_id: WarningBlocker Relation:gt Value:0 Entities: Interface
Warning: Metric 'WarningBlocker' is not calculated for the 'Enum' entities!
Warning: Rule for the following threshold configuration has not been built into the graph!
m_id: WarningBlocker Relation:gt Value:0 Entities: Enum
Warning: Metric 'WarningBlocker' is not calculated for the 'Annotation' entities!
Warning: Rule for the following threshold configuration has not been built into the graph!
m_id: WarningBlocker Relation:gt Value:0 Entities: Annotation
Warning: Metric 'WarningCritical' is not calculated for the 'Class' entities!
Warning: Rule for the following threshold configuration has not been built into the graph!
m_id: WarningCritical Relation:gt Value:0 Entities: Class
Warning: Metric 'WarningCritical' is not calculated for the 'Interface' entities!
Warning: Rule for the following threshold configuration has not been built into the graph!
m_id: WarningCritical Relation:gt Value:0 Entities: Interface
Warning: Metric 'WarningCritical' is not calculated for the 'Enum' entities!
Warning: Rule for the following threshold configuration has not been built into the graph!
m_id: WarningCritical Relation:gt Value:0 Entities: Enum
Warning: Metric 'WarningCritical' is not calculated for the 'Annotation' entities!
Warning: Rule for the following threshold configuration has not been built into the graph!
m_id: WarningCritical Relation:gt Value:0 Entities: Annotation
Warning: Metric 'WarningMajor' is not calculated for the 'Class' entities!
Warning: Rule for the following threshold configuration has not been built into the graph!
m_id: WarningMajor Relation:gt Value:0 Entities: Class
Warning: Metric 'WarningMajor' is not calculated for the 'Interface' entities!
Warning: Rule for the following threshold configuration has not been built into the graph!
m_id: WarningMajor Relation:gt Value:0 Entities: Interface
Warning: Metric 'WarningMajor' is not calculated for the 'Enum' entities!
Warning: Rule for the following threshold configuration has not been built into the graph!
m_id: WarningMajor Relation:gt Value:0 Entities: Enum
Warning: Metric 'WarningMajor' is not calculated for the 'Annotation' entities!
Warning: Rule for the following threshold configuration has not been built into the graph!
m_id: WarningMajor Relation:gt Value:0 Entities: Annotation
Warning: Metric 'WarningMinor' is not calculated for the 'Class' entities!
Warning: Rule for the following threshold configuration has not been built into the graph!
m_id: WarningMinor Relation:gt Value:0 Entities: Class
Warning: Metric 'WarningMinor' is not calculated for the 'Interface' entities!
Warning: Rule for the following threshold configuration has not been built into the graph!
m_id: WarningMinor Relation:gt Value:0 Entities: Interface
Warning: Metric 'WarningMinor' is not calculated for the 'Enum' entities!
Warning: Rule for the following threshold configuration has not been built into the graph!
m_id: WarningMinor Relation:gt Value:0 Entities: Enum
Warning: Metric 'WarningMinor' is not calculated for the 'Annotation' entities!
Warning: Rule for the following threshold configuration has not been built into the graph!
m_id: WarningMinor Relation:gt Value:0 Entities: Annotation
Warning: Metric 'WarningBlocker' is not calculated for the 'Method' entities!
Warning: Rule for the following threshold configuration has not been built into the graph!
m_id: WarningBlocker Relation:gt Value:0 Entities: Method
Warning: Metric 'WarningCritical' is not calculated for the 'Method' entities!
Warning: Rule for the following threshold configuration has not been built into the graph!
m_id: WarningCritical Relation:gt Value:0 Entities: Method
Warning: Metric 'WarningMajor' is not calculated for the 'Method' entities!
Warning: Rule for the following threshold configuration has not been built into the graph!
m_id: WarningMajor Relation:gt Value:0 Entities: Method
Warning: Metric 'WarningMinor' is not calculated for the 'Method' entities!
Warning: Rule for the following threshold configuration has not been built into the graph!
m_id: WarningMinor Relation:gt Value:0 Entities: Method
Succesfully added 7540 warnings! 
Graph saved successfully to C:\Users\Michelle\Downloads\SourceMeter-8.1.0-x64-windows\SourceMeter-8.1.0-x64-windows\Java\Demo\Results\femr\java\2016-11-14-10-34-07\femr.graph! 
[2016-11-14 10:34:43] End:MetricHunterTask Result:OK
