C:\Users\Michelle\Downloads\SourceMeter-8.1.0-x64-windows\SourceMeter-8.1.0-x64-windows\Java\Demo\femr-master\femr-master\app\femr\business\helpers\LogicDoer.java
C:\Users\Michelle\Downloads\SourceMeter-8.1.0-x64-windows\SourceMeter-8.1.0-x64-windows\Java\Demo\femr-master\femr-master\app\femr\business\helpers\QueryHelper.java
C:\Users\Michelle\Downloads\SourceMeter-8.1.0-x64-windows\SourceMeter-8.1.0-x64-windows\Java\Demo\femr-master\femr-master\app\femr\business\helpers\QueryProvider.java
C:\Users\Michelle\Downloads\SourceMeter-8.1.0-x64-windows\SourceMeter-8.1.0-x64-windows\Java\Demo\femr-master\femr-master\app\femr\business\services\core\IConceptService.java
C:\Users\Michelle\Downloads\SourceMeter-8.1.0-x64-windows\SourceMeter-8.1.0-x64-windows\Java\Demo\femr-master\femr-master\app\femr\business\services\core\IConfigureService.java
C:\Users\Michelle\Downloads\SourceMeter-8.1.0-x64-windows\SourceMeter-8.1.0-x64-windows\Java\Demo\femr-master\femr-master\app\femr\business\services\core\IEncounterService.java
C:\Users\Michelle\Downloads\SourceMeter-8.1.0-x64-windows\SourceMeter-8.1.0-x64-windows\Java\Demo\femr-master\femr-master\app\femr\business\services\core\IInventoryService.java
C:\Users\Michelle\Downloads\SourceMeter-8.1.0-x64-windows\SourceMeter-8.1.0-x64-windows\Java\Demo\femr-master\femr-master\app\femr\business\services\core\IMedicationService.java
C:\Users\Michelle\Downloads\SourceMeter-8.1.0-x64-windows\SourceMeter-8.1.0-x64-windows\Java\Demo\femr-master\femr-master\app\femr\business\services\core\IMissionTripService.java
C:\Users\Michelle\Downloads\SourceMeter-8.1.0-x64-windows\SourceMeter-8.1.0-x64-windows\Java\Demo\femr-master\femr-master\app\femr\business\services\core\IPatientService.java
C:\Users\Michelle\Downloads\SourceMeter-8.1.0-x64-windows\SourceMeter-8.1.0-x64-windows\Java\Demo\femr-master\femr-master\app\femr\business\services\core\IPhotoService.java
C:\Users\Michelle\Downloads\SourceMeter-8.1.0-x64-windows\SourceMeter-8.1.0-x64-windows\Java\Demo\femr-master\femr-master\app\femr\business\services\core\IResearchService.java
C:\Users\Michelle\Downloads\SourceMeter-8.1.0-x64-windows\SourceMeter-8.1.0-x64-windows\Java\Demo\femr-master\femr-master\app\femr\business\services\core\IRoleService.java
C:\Users\Michelle\Downloads\SourceMeter-8.1.0-x64-windows\SourceMeter-8.1.0-x64-windows\Java\Demo\femr-master\femr-master\app\femr\business\services\core\ISearchService.java
C:\Users\Michelle\Downloads\SourceMeter-8.1.0-x64-windows\SourceMeter-8.1.0-x64-windows\Java\Demo\femr-master\femr-master\app\femr\business\services\core\ISessionService.java
C:\Users\Michelle\Downloads\SourceMeter-8.1.0-x64-windows\SourceMeter-8.1.0-x64-windows\Java\Demo\femr-master\femr-master\app\femr\business\services\core\ITabService.java
C:\Users\Michelle\Downloads\SourceMeter-8.1.0-x64-windows\SourceMeter-8.1.0-x64-windows\Java\Demo\femr-master\femr-master\app\femr\business\services\core\IUserService.java
C:\Users\Michelle\Downloads\SourceMeter-8.1.0-x64-windows\SourceMeter-8.1.0-x64-windows\Java\Demo\femr-master\femr-master\app\femr\business\services\core\IVitalService.java
C:\Users\Michelle\Downloads\SourceMeter-8.1.0-x64-windows\SourceMeter-8.1.0-x64-windows\Java\Demo\femr-master\femr-master\app\femr\business\services\system\ConceptService.java
C:\Users\Michelle\Downloads\SourceMeter-8.1.0-x64-windows\SourceMeter-8.1.0-x64-windows\Java\Demo\femr-master\femr-master\app\femr\business\services\system\ConfigureService.java
C:\Users\Michelle\Downloads\SourceMeter-8.1.0-x64-windows\SourceMeter-8.1.0-x64-windows\Java\Demo\femr-master\femr-master\app\femr\business\services\system\EncounterService.java
C:\Users\Michelle\Downloads\SourceMeter-8.1.0-x64-windows\SourceMeter-8.1.0-x64-windows\Java\Demo\femr-master\femr-master\app\femr\business\services\system\InventoryService.java
C:\Users\Michelle\Downloads\SourceMeter-8.1.0-x64-windows\SourceMeter-8.1.0-x64-windows\Java\Demo\femr-master\femr-master\app\femr\business\services\system\MedicationService.java
C:\Users\Michelle\Downloads\SourceMeter-8.1.0-x64-windows\SourceMeter-8.1.0-x64-windows\Java\Demo\femr-master\femr-master\app\femr\business\services\system\MissionTripService.java
C:\Users\Michelle\Downloads\SourceMeter-8.1.0-x64-windows\SourceMeter-8.1.0-x64-windows\Java\Demo\femr-master\femr-master\app\femr\business\services\system\PatientService.java
C:\Users\Michelle\Downloads\SourceMeter-8.1.0-x64-windows\SourceMeter-8.1.0-x64-windows\Java\Demo\femr-master\femr-master\app\femr\business\services\system\PhotoService.java
C:\Users\Michelle\Downloads\SourceMeter-8.1.0-x64-windows\SourceMeter-8.1.0-x64-windows\Java\Demo\femr-master\femr-master\app\femr\business\services\system\ResearchService.java
C:\Users\Michelle\Downloads\SourceMeter-8.1.0-x64-windows\SourceMeter-8.1.0-x64-windows\Java\Demo\femr-master\femr-master\app\femr\business\services\system\RoleService.java
C:\Users\Michelle\Downloads\SourceMeter-8.1.0-x64-windows\SourceMeter-8.1.0-x64-windows\Java\Demo\femr-master\femr-master\app\femr\business\services\system\SearchService.java
C:\Users\Michelle\Downloads\SourceMeter-8.1.0-x64-windows\SourceMeter-8.1.0-x64-windows\Java\Demo\femr-master\femr-master\app\femr\business\services\system\SessionService.java
C:\Users\Michelle\Downloads\SourceMeter-8.1.0-x64-windows\SourceMeter-8.1.0-x64-windows\Java\Demo\femr-master\femr-master\app\femr\business\services\system\TabService.java
C:\Users\Michelle\Downloads\SourceMeter-8.1.0-x64-windows\SourceMeter-8.1.0-x64-windows\Java\Demo\femr-master\femr-master\app\femr\business\services\system\UserService.java
C:\Users\Michelle\Downloads\SourceMeter-8.1.0-x64-windows\SourceMeter-8.1.0-x64-windows\Java\Demo\femr-master\femr-master\app\femr\business\services\system\VitalService.java
C:\Users\Michelle\Downloads\SourceMeter-8.1.0-x64-windows\SourceMeter-8.1.0-x64-windows\Java\Demo\femr-master\femr-master\app\femr\business\wrappers\sessions\ISessionHelper.java
C:\Users\Michelle\Downloads\SourceMeter-8.1.0-x64-windows\SourceMeter-8.1.0-x64-windows\Java\Demo\femr-master\femr-master\app\femr\business\wrappers\sessions\SessionHelper.java
C:\Users\Michelle\Downloads\SourceMeter-8.1.0-x64-windows\SourceMeter-8.1.0-x64-windows\Java\Demo\femr-master\femr-master\app\femr\common\dtos\CurrentUser.java
C:\Users\Michelle\Downloads\SourceMeter-8.1.0-x64-windows\SourceMeter-8.1.0-x64-windows\Java\Demo\femr-master\femr-master\app\femr\common\dtos\ServiceResponse.java
C:\Users\Michelle\Downloads\SourceMeter-8.1.0-x64-windows\SourceMeter-8.1.0-x64-windows\Java\Demo\femr-master\femr-master\app\femr\common\IItemModelMapper.java
C:\Users\Michelle\Downloads\SourceMeter-8.1.0-x64-windows\SourceMeter-8.1.0-x64-windows\Java\Demo\femr-master\femr-master\app\femr\common\ItemModelMapper.java
C:\Users\Michelle\Downloads\SourceMeter-8.1.0-x64-windows\SourceMeter-8.1.0-x64-windows\Java\Demo\femr-master\femr-master\app\femr\common\models\CityItem.java
C:\Users\Michelle\Downloads\SourceMeter-8.1.0-x64-windows\SourceMeter-8.1.0-x64-windows\Java\Demo\femr-master\femr-master\app\femr\common\models\MedicationAdministrationItem.java
C:\Users\Michelle\Downloads\SourceMeter-8.1.0-x64-windows\SourceMeter-8.1.0-x64-windows\Java\Demo\femr-master\femr-master\app\femr\common\models\MedicationItem.java
C:\Users\Michelle\Downloads\SourceMeter-8.1.0-x64-windows\SourceMeter-8.1.0-x64-windows\Java\Demo\femr-master\femr-master\app\femr\common\models\MissionItem.java
C:\Users\Michelle\Downloads\SourceMeter-8.1.0-x64-windows\SourceMeter-8.1.0-x64-windows\Java\Demo\femr-master\femr-master\app\femr\common\models\MissionTripItem.java
C:\Users\Michelle\Downloads\SourceMeter-8.1.0-x64-windows\SourceMeter-8.1.0-x64-windows\Java\Demo\femr-master\femr-master\app\femr\common\models\PatientEncounterItem.java
C:\Users\Michelle\Downloads\SourceMeter-8.1.0-x64-windows\SourceMeter-8.1.0-x64-windows\Java\Demo\femr-master\femr-master\app\femr\common\models\PatientItem.java
C:\Users\Michelle\Downloads\SourceMeter-8.1.0-x64-windows\SourceMeter-8.1.0-x64-windows\Java\Demo\femr-master\femr-master\app\femr\common\models\PhotoItem.java
C:\Users\Michelle\Downloads\SourceMeter-8.1.0-x64-windows\SourceMeter-8.1.0-x64-windows\Java\Demo\femr-master\femr-master\app\femr\common\models\PrescriptionItem.java
C:\Users\Michelle\Downloads\SourceMeter-8.1.0-x64-windows\SourceMeter-8.1.0-x64-windows\Java\Demo\femr-master\femr-master\app\femr\common\models\ProblemItem.java
C:\Users\Michelle\Downloads\SourceMeter-8.1.0-x64-windows\SourceMeter-8.1.0-x64-windows\Java\Demo\femr-master\femr-master\app\femr\common\models\ResearchExportItem.java
C:\Users\Michelle\Downloads\SourceMeter-8.1.0-x64-windows\SourceMeter-8.1.0-x64-windows\Java\Demo\femr-master\femr-master\app\femr\common\models\ResearchFilterItem.java
C:\Users\Michelle\Downloads\SourceMeter-8.1.0-x64-windows\SourceMeter-8.1.0-x64-windows\Java\Demo\femr-master\femr-master\app\femr\common\models\ResearchResultItem.java
C:\Users\Michelle\Downloads\SourceMeter-8.1.0-x64-windows\SourceMeter-8.1.0-x64-windows\Java\Demo\femr-master\femr-master\app\femr\common\models\ResearchResultSetItem.java
C:\Users\Michelle\Downloads\SourceMeter-8.1.0-x64-windows\SourceMeter-8.1.0-x64-windows\Java\Demo\femr-master\femr-master\app\femr\common\models\SettingItem.java
C:\Users\Michelle\Downloads\SourceMeter-8.1.0-x64-windows\SourceMeter-8.1.0-x64-windows\Java\Demo\femr-master\femr-master\app\femr\common\models\TabFieldItem.java
C:\Users\Michelle\Downloads\SourceMeter-8.1.0-x64-windows\SourceMeter-8.1.0-x64-windows\Java\Demo\femr-master\femr-master\app\femr\common\models\TabItem.java
C:\Users\Michelle\Downloads\SourceMeter-8.1.0-x64-windows\SourceMeter-8.1.0-x64-windows\Java\Demo\femr-master\femr-master\app\femr\common\models\TeamItem.java
C:\Users\Michelle\Downloads\SourceMeter-8.1.0-x64-windows\SourceMeter-8.1.0-x64-windows\Java\Demo\femr-master\femr-master\app\femr\common\models\TripItem.java
C:\Users\Michelle\Downloads\SourceMeter-8.1.0-x64-windows\SourceMeter-8.1.0-x64-windows\Java\Demo\femr-master\femr-master\app\femr\common\models\UserItem.java
C:\Users\Michelle\Downloads\SourceMeter-8.1.0-x64-windows\SourceMeter-8.1.0-x64-windows\Java\Demo\femr-master\femr-master\app\femr\common\models\VitalItem.java
C:\Users\Michelle\Downloads\SourceMeter-8.1.0-x64-windows\SourceMeter-8.1.0-x64-windows\Java\Demo\femr-master\femr-master\app\femr\data\daos\core\IMedicationRepository.java
C:\Users\Michelle\Downloads\SourceMeter-8.1.0-x64-windows\SourceMeter-8.1.0-x64-windows\Java\Demo\femr-master\femr-master\app\femr\data\daos\IRepository.java
C:\Users\Michelle\Downloads\SourceMeter-8.1.0-x64-windows\SourceMeter-8.1.0-x64-windows\Java\Demo\femr-master\femr-master\app\femr\data\daos\Repository.java
C:\Users\Michelle\Downloads\SourceMeter-8.1.0-x64-windows\SourceMeter-8.1.0-x64-windows\Java\Demo\femr-master\femr-master\app\femr\data\daos\system\MedicationRepository.java
C:\Users\Michelle\Downloads\SourceMeter-8.1.0-x64-windows\SourceMeter-8.1.0-x64-windows\Java\Demo\femr-master\femr-master\app\femr\data\DataModelMapper.java
C:\Users\Michelle\Downloads\SourceMeter-8.1.0-x64-windows\SourceMeter-8.1.0-x64-windows\Java\Demo\femr-master\femr-master\app\femr\data\IDataModelMapper.java
C:\Users\Michelle\Downloads\SourceMeter-8.1.0-x64-windows\SourceMeter-8.1.0-x64-windows\Java\Demo\femr-master\femr-master\app\femr\data\models\core\IChiefComplaint.java
C:\Users\Michelle\Downloads\SourceMeter-8.1.0-x64-windows\SourceMeter-8.1.0-x64-windows\Java\Demo\femr-master\femr-master\app\femr\data\models\core\IConceptDiagnosis.java
C:\Users\Michelle\Downloads\SourceMeter-8.1.0-x64-windows\SourceMeter-8.1.0-x64-windows\Java\Demo\femr-master\femr-master\app\femr\data\models\core\IConceptMedicationForm.java
C:\Users\Michelle\Downloads\SourceMeter-8.1.0-x64-windows\SourceMeter-8.1.0-x64-windows\Java\Demo\femr-master\femr-master\app\femr\data\models\core\IConceptMedicationUnit.java
C:\Users\Michelle\Downloads\SourceMeter-8.1.0-x64-windows\SourceMeter-8.1.0-x64-windows\Java\Demo\femr-master\femr-master\app\femr\data\models\core\IConceptPrescriptionAdministration.java
C:\Users\Michelle\Downloads\SourceMeter-8.1.0-x64-windows\SourceMeter-8.1.0-x64-windows\Java\Demo\femr-master\femr-master\app\femr\data\models\core\ILoginAttempt.java
C:\Users\Michelle\Downloads\SourceMeter-8.1.0-x64-windows\SourceMeter-8.1.0-x64-windows\Java\Demo\femr-master\femr-master\app\femr\data\models\core\IMedication.java
C:\Users\Michelle\Downloads\SourceMeter-8.1.0-x64-windows\SourceMeter-8.1.0-x64-windows\Java\Demo\femr-master\femr-master\app\femr\data\models\core\IMedicationGeneric.java
C:\Users\Michelle\Downloads\SourceMeter-8.1.0-x64-windows\SourceMeter-8.1.0-x64-windows\Java\Demo\femr-master\femr-master\app\femr\data\models\core\IMedicationGenericStrength.java
C:\Users\Michelle\Downloads\SourceMeter-8.1.0-x64-windows\SourceMeter-8.1.0-x64-windows\Java\Demo\femr-master\femr-master\app\femr\data\models\core\IMedicationInventory.java
C:\Users\Michelle\Downloads\SourceMeter-8.1.0-x64-windows\SourceMeter-8.1.0-x64-windows\Java\Demo\femr-master\femr-master\app\femr\data\models\core\IMissionCity.java
C:\Users\Michelle\Downloads\SourceMeter-8.1.0-x64-windows\SourceMeter-8.1.0-x64-windows\Java\Demo\femr-master\femr-master\app\femr\data\models\core\IMissionCountry.java
C:\Users\Michelle\Downloads\SourceMeter-8.1.0-x64-windows\SourceMeter-8.1.0-x64-windows\Java\Demo\femr-master\femr-master\app\femr\data\models\core\IMissionTeam.java
C:\Users\Michelle\Downloads\SourceMeter-8.1.0-x64-windows\SourceMeter-8.1.0-x64-windows\Java\Demo\femr-master\femr-master\app\femr\data\models\core\IMissionTrip.java
C:\Users\Michelle\Downloads\SourceMeter-8.1.0-x64-windows\SourceMeter-8.1.0-x64-windows\Java\Demo\femr-master\femr-master\app\femr\data\models\core\IPatient.java
C:\Users\Michelle\Downloads\SourceMeter-8.1.0-x64-windows\SourceMeter-8.1.0-x64-windows\Java\Demo\femr-master\femr-master\app\femr\data\models\core\IPatientAgeClassification.java
C:\Users\Michelle\Downloads\SourceMeter-8.1.0-x64-windows\SourceMeter-8.1.0-x64-windows\Java\Demo\femr-master\femr-master\app\femr\data\models\core\IPatientEncounter.java
C:\Users\Michelle\Downloads\SourceMeter-8.1.0-x64-windows\SourceMeter-8.1.0-x64-windows\Java\Demo\femr-master\femr-master\app\femr\data\models\core\IPatientEncounterPhoto.java
C:\Users\Michelle\Downloads\SourceMeter-8.1.0-x64-windows\SourceMeter-8.1.0-x64-windows\Java\Demo\femr-master\femr-master\app\femr\data\models\core\IPatientEncounterTabField.java
C:\Users\Michelle\Downloads\SourceMeter-8.1.0-x64-windows\SourceMeter-8.1.0-x64-windows\Java\Demo\femr-master\femr-master\app\femr\data\models\core\IPatientEncounterVital.java
C:\Users\Michelle\Downloads\SourceMeter-8.1.0-x64-windows\SourceMeter-8.1.0-x64-windows\Java\Demo\femr-master\femr-master\app\femr\data\models\core\IPatientPrescription.java
C:\Users\Michelle\Downloads\SourceMeter-8.1.0-x64-windows\SourceMeter-8.1.0-x64-windows\Java\Demo\femr-master\femr-master\app\femr\data\models\core\IPatientPrescriptionReplacement.java
C:\Users\Michelle\Downloads\SourceMeter-8.1.0-x64-windows\SourceMeter-8.1.0-x64-windows\Java\Demo\femr-master\femr-master\app\femr\data\models\core\IPatientPrescriptionReplacementReason.java
C:\Users\Michelle\Downloads\SourceMeter-8.1.0-x64-windows\SourceMeter-8.1.0-x64-windows\Java\Demo\femr-master\femr-master\app\femr\data\models\core\IPhoto.java
C:\Users\Michelle\Downloads\SourceMeter-8.1.0-x64-windows\SourceMeter-8.1.0-x64-windows\Java\Demo\femr-master\femr-master\app\femr\data\models\core\IRole.java
C:\Users\Michelle\Downloads\SourceMeter-8.1.0-x64-windows\SourceMeter-8.1.0-x64-windows\Java\Demo\femr-master\femr-master\app\femr\data\models\core\ISystemSetting.java
C:\Users\Michelle\Downloads\SourceMeter-8.1.0-x64-windows\SourceMeter-8.1.0-x64-windows\Java\Demo\femr-master\femr-master\app\femr\data\models\core\ITab.java
C:\Users\Michelle\Downloads\SourceMeter-8.1.0-x64-windows\SourceMeter-8.1.0-x64-windows\Java\Demo\femr-master\femr-master\app\femr\data\models\core\ITabField.java
C:\Users\Michelle\Downloads\SourceMeter-8.1.0-x64-windows\SourceMeter-8.1.0-x64-windows\Java\Demo\femr-master\femr-master\app\femr\data\models\core\ITabFieldSize.java
C:\Users\Michelle\Downloads\SourceMeter-8.1.0-x64-windows\SourceMeter-8.1.0-x64-windows\Java\Demo\femr-master\femr-master\app\femr\data\models\core\ITabFieldType.java
C:\Users\Michelle\Downloads\SourceMeter-8.1.0-x64-windows\SourceMeter-8.1.0-x64-windows\Java\Demo\femr-master\femr-master\app\femr\data\models\core\IUser.java
C:\Users\Michelle\Downloads\SourceMeter-8.1.0-x64-windows\SourceMeter-8.1.0-x64-windows\Java\Demo\femr-master\femr-master\app\femr\data\models\core\IVital.java
C:\Users\Michelle\Downloads\SourceMeter-8.1.0-x64-windows\SourceMeter-8.1.0-x64-windows\Java\Demo\femr-master\femr-master\app\femr\data\models\core\research\IResearchEncounter.java
C:\Users\Michelle\Downloads\SourceMeter-8.1.0-x64-windows\SourceMeter-8.1.0-x64-windows\Java\Demo\femr-master\femr-master\app\femr\data\models\core\research\IResearchEncounterVital.java
C:\Users\Michelle\Downloads\SourceMeter-8.1.0-x64-windows\SourceMeter-8.1.0-x64-windows\Java\Demo\femr-master\femr-master\app\femr\data\models\mysql\ChiefComplaint.java
C:\Users\Michelle\Downloads\SourceMeter-8.1.0-x64-windows\SourceMeter-8.1.0-x64-windows\Java\Demo\femr-master\femr-master\app\femr\data\models\mysql\concepts\ConceptDiagnosis.java
C:\Users\Michelle\Downloads\SourceMeter-8.1.0-x64-windows\SourceMeter-8.1.0-x64-windows\Java\Demo\femr-master\femr-master\app\femr\data\models\mysql\concepts\ConceptMedication.java
C:\Users\Michelle\Downloads\SourceMeter-8.1.0-x64-windows\SourceMeter-8.1.0-x64-windows\Java\Demo\femr-master\femr-master\app\femr\data\models\mysql\concepts\ConceptMedicationForm.java
C:\Users\Michelle\Downloads\SourceMeter-8.1.0-x64-windows\SourceMeter-8.1.0-x64-windows\Java\Demo\femr-master\femr-master\app\femr\data\models\mysql\concepts\ConceptMedicationGeneric.java
C:\Users\Michelle\Downloads\SourceMeter-8.1.0-x64-windows\SourceMeter-8.1.0-x64-windows\Java\Demo\femr-master\femr-master\app\femr\data\models\mysql\concepts\ConceptMedicationGenericStrength.java
C:\Users\Michelle\Downloads\SourceMeter-8.1.0-x64-windows\SourceMeter-8.1.0-x64-windows\Java\Demo\femr-master\femr-master\app\femr\data\models\mysql\concepts\ConceptMedicationUnit.java
C:\Users\Michelle\Downloads\SourceMeter-8.1.0-x64-windows\SourceMeter-8.1.0-x64-windows\Java\Demo\femr-master\femr-master\app\femr\data\models\mysql\concepts\ConceptPrescriptionAdministration.java
C:\Users\Michelle\Downloads\SourceMeter-8.1.0-x64-windows\SourceMeter-8.1.0-x64-windows\Java\Demo\femr-master\femr-master\app\femr\data\models\mysql\LoginAttempt.java
C:\Users\Michelle\Downloads\SourceMeter-8.1.0-x64-windows\SourceMeter-8.1.0-x64-windows\Java\Demo\femr-master\femr-master\app\femr\data\models\mysql\Medication.java
C:\Users\Michelle\Downloads\SourceMeter-8.1.0-x64-windows\SourceMeter-8.1.0-x64-windows\Java\Demo\femr-master\femr-master\app\femr\data\models\mysql\MedicationGeneric.java
C:\Users\Michelle\Downloads\SourceMeter-8.1.0-x64-windows\SourceMeter-8.1.0-x64-windows\Java\Demo\femr-master\femr-master\app\femr\data\models\mysql\MedicationGenericStrength.java
C:\Users\Michelle\Downloads\SourceMeter-8.1.0-x64-windows\SourceMeter-8.1.0-x64-windows\Java\Demo\femr-master\femr-master\app\femr\data\models\mysql\MedicationInventory.java
C:\Users\Michelle\Downloads\SourceMeter-8.1.0-x64-windows\SourceMeter-8.1.0-x64-windows\Java\Demo\femr-master\femr-master\app\femr\data\models\mysql\MissionCity.java
C:\Users\Michelle\Downloads\SourceMeter-8.1.0-x64-windows\SourceMeter-8.1.0-x64-windows\Java\Demo\femr-master\femr-master\app\femr\data\models\mysql\MissionCountry.java
C:\Users\Michelle\Downloads\SourceMeter-8.1.0-x64-windows\SourceMeter-8.1.0-x64-windows\Java\Demo\femr-master\femr-master\app\femr\data\models\mysql\MissionTeam.java
C:\Users\Michelle\Downloads\SourceMeter-8.1.0-x64-windows\SourceMeter-8.1.0-x64-windows\Java\Demo\femr-master\femr-master\app\femr\data\models\mysql\MissionTrip.java
C:\Users\Michelle\Downloads\SourceMeter-8.1.0-x64-windows\SourceMeter-8.1.0-x64-windows\Java\Demo\femr-master\femr-master\app\femr\data\models\mysql\Patient.java
C:\Users\Michelle\Downloads\SourceMeter-8.1.0-x64-windows\SourceMeter-8.1.0-x64-windows\Java\Demo\femr-master\femr-master\app\femr\data\models\mysql\PatientAgeClassification.java
C:\Users\Michelle\Downloads\SourceMeter-8.1.0-x64-windows\SourceMeter-8.1.0-x64-windows\Java\Demo\femr-master\femr-master\app\femr\data\models\mysql\PatientEncounter.java
C:\Users\Michelle\Downloads\SourceMeter-8.1.0-x64-windows\SourceMeter-8.1.0-x64-windows\Java\Demo\femr-master\femr-master\app\femr\data\models\mysql\PatientEncounterPhoto.java
C:\Users\Michelle\Downloads\SourceMeter-8.1.0-x64-windows\SourceMeter-8.1.0-x64-windows\Java\Demo\femr-master\femr-master\app\femr\data\models\mysql\PatientEncounterTabField.java
C:\Users\Michelle\Downloads\SourceMeter-8.1.0-x64-windows\SourceMeter-8.1.0-x64-windows\Java\Demo\femr-master\femr-master\app\femr\data\models\mysql\PatientEncounterVital.java
C:\Users\Michelle\Downloads\SourceMeter-8.1.0-x64-windows\SourceMeter-8.1.0-x64-windows\Java\Demo\femr-master\femr-master\app\femr\data\models\mysql\PatientPrescription.java
C:\Users\Michelle\Downloads\SourceMeter-8.1.0-x64-windows\SourceMeter-8.1.0-x64-windows\Java\Demo\femr-master\femr-master\app\femr\data\models\mysql\PatientPrescriptionReplacement.java
C:\Users\Michelle\Downloads\SourceMeter-8.1.0-x64-windows\SourceMeter-8.1.0-x64-windows\Java\Demo\femr-master\femr-master\app\femr\data\models\mysql\PatientPrescriptionReplacementReason.java
C:\Users\Michelle\Downloads\SourceMeter-8.1.0-x64-windows\SourceMeter-8.1.0-x64-windows\Java\Demo\femr-master\femr-master\app\femr\data\models\mysql\Photo.java
C:\Users\Michelle\Downloads\SourceMeter-8.1.0-x64-windows\SourceMeter-8.1.0-x64-windows\Java\Demo\femr-master\femr-master\app\femr\data\models\mysql\research\ResearchEncounter.java
C:\Users\Michelle\Downloads\SourceMeter-8.1.0-x64-windows\SourceMeter-8.1.0-x64-windows\Java\Demo\femr-master\femr-master\app\femr\data\models\mysql\research\ResearchEncounterVital.java
C:\Users\Michelle\Downloads\SourceMeter-8.1.0-x64-windows\SourceMeter-8.1.0-x64-windows\Java\Demo\femr-master\femr-master\app\femr\data\models\mysql\Role.java
C:\Users\Michelle\Downloads\SourceMeter-8.1.0-x64-windows\SourceMeter-8.1.0-x64-windows\Java\Demo\femr-master\femr-master\app\femr\data\models\mysql\Roles.java
C:\Users\Michelle\Downloads\SourceMeter-8.1.0-x64-windows\SourceMeter-8.1.0-x64-windows\Java\Demo\femr-master\femr-master\app\femr\data\models\mysql\SystemSetting.java
C:\Users\Michelle\Downloads\SourceMeter-8.1.0-x64-windows\SourceMeter-8.1.0-x64-windows\Java\Demo\femr-master\femr-master\app\femr\data\models\mysql\Tab.java
C:\Users\Michelle\Downloads\SourceMeter-8.1.0-x64-windows\SourceMeter-8.1.0-x64-windows\Java\Demo\femr-master\femr-master\app\femr\data\models\mysql\TabField.java
C:\Users\Michelle\Downloads\SourceMeter-8.1.0-x64-windows\SourceMeter-8.1.0-x64-windows\Java\Demo\femr-master\femr-master\app\femr\data\models\mysql\TabFieldSize.java
C:\Users\Michelle\Downloads\SourceMeter-8.1.0-x64-windows\SourceMeter-8.1.0-x64-windows\Java\Demo\femr-master\femr-master\app\femr\data\models\mysql\TabFieldType.java
C:\Users\Michelle\Downloads\SourceMeter-8.1.0-x64-windows\SourceMeter-8.1.0-x64-windows\Java\Demo\femr-master\femr-master\app\femr\data\models\mysql\User.java
C:\Users\Michelle\Downloads\SourceMeter-8.1.0-x64-windows\SourceMeter-8.1.0-x64-windows\Java\Demo\femr-master\femr-master\app\femr\data\models\mysql\Vital.java
C:\Users\Michelle\Downloads\SourceMeter-8.1.0-x64-windows\SourceMeter-8.1.0-x64-windows\Java\Demo\femr-master\femr-master\app\femr\ui\controllers\admin\AdminController.java
C:\Users\Michelle\Downloads\SourceMeter-8.1.0-x64-windows\SourceMeter-8.1.0-x64-windows\Java\Demo\femr-master\femr-master\app\femr\ui\controllers\admin\ConfigureController.java
C:\Users\Michelle\Downloads\SourceMeter-8.1.0-x64-windows\SourceMeter-8.1.0-x64-windows\Java\Demo\femr-master\femr-master\app\femr\ui\controllers\admin\InventoryController.java
C:\Users\Michelle\Downloads\SourceMeter-8.1.0-x64-windows\SourceMeter-8.1.0-x64-windows\Java\Demo\femr-master\femr-master\app\femr\ui\controllers\admin\TripController.java
C:\Users\Michelle\Downloads\SourceMeter-8.1.0-x64-windows\SourceMeter-8.1.0-x64-windows\Java\Demo\femr-master\femr-master\app\femr\ui\controllers\admin\UsersController.java
C:\Users\Michelle\Downloads\SourceMeter-8.1.0-x64-windows\SourceMeter-8.1.0-x64-windows\Java\Demo\femr-master\femr-master\app\femr\ui\controllers\ApplicationController.java
C:\Users\Michelle\Downloads\SourceMeter-8.1.0-x64-windows\SourceMeter-8.1.0-x64-windows\Java\Demo\femr-master\femr-master\app\femr\ui\controllers\helpers\FieldHelper.java
C:\Users\Michelle\Downloads\SourceMeter-8.1.0-x64-windows\SourceMeter-8.1.0-x64-windows\Java\Demo\femr-master\femr-master\app\femr\ui\controllers\HistoryController.java
C:\Users\Michelle\Downloads\SourceMeter-8.1.0-x64-windows\SourceMeter-8.1.0-x64-windows\Java\Demo\femr-master\femr-master\app\femr\ui\controllers\HomeController.java
C:\Users\Michelle\Downloads\SourceMeter-8.1.0-x64-windows\SourceMeter-8.1.0-x64-windows\Java\Demo\femr-master\femr-master\app\femr\ui\controllers\MedicalController.java
C:\Users\Michelle\Downloads\SourceMeter-8.1.0-x64-windows\SourceMeter-8.1.0-x64-windows\Java\Demo\femr-master\femr-master\app\femr\ui\controllers\PDFController.java
C:\Users\Michelle\Downloads\SourceMeter-8.1.0-x64-windows\SourceMeter-8.1.0-x64-windows\Java\Demo\femr-master\femr-master\app\femr\ui\controllers\PharmaciesController.java
C:\Users\Michelle\Downloads\SourceMeter-8.1.0-x64-windows\SourceMeter-8.1.0-x64-windows\Java\Demo\femr-master\femr-master\app\femr\ui\controllers\PhotoController.java
C:\Users\Michelle\Downloads\SourceMeter-8.1.0-x64-windows\SourceMeter-8.1.0-x64-windows\Java\Demo\femr-master\femr-master\app\femr\ui\controllers\ReferenceController.java
C:\Users\Michelle\Downloads\SourceMeter-8.1.0-x64-windows\SourceMeter-8.1.0-x64-windows\Java\Demo\femr-master\femr-master\app\femr\ui\controllers\ResearchController.java
C:\Users\Michelle\Downloads\SourceMeter-8.1.0-x64-windows\SourceMeter-8.1.0-x64-windows\Java\Demo\femr-master\femr-master\app\femr\ui\controllers\SearchController.java
C:\Users\Michelle\Downloads\SourceMeter-8.1.0-x64-windows\SourceMeter-8.1.0-x64-windows\Java\Demo\femr-master\femr-master\app\femr\ui\controllers\SessionsController.java
C:\Users\Michelle\Downloads\SourceMeter-8.1.0-x64-windows\SourceMeter-8.1.0-x64-windows\Java\Demo\femr-master\femr-master\app\femr\ui\controllers\superuser\SuperuserController.java
C:\Users\Michelle\Downloads\SourceMeter-8.1.0-x64-windows\SourceMeter-8.1.0-x64-windows\Java\Demo\femr-master\femr-master\app\femr\ui\controllers\superuser\TabController.java
C:\Users\Michelle\Downloads\SourceMeter-8.1.0-x64-windows\SourceMeter-8.1.0-x64-windows\Java\Demo\femr-master\femr-master\app\femr\ui\controllers\TriageController.java
C:\Users\Michelle\Downloads\SourceMeter-8.1.0-x64-windows\SourceMeter-8.1.0-x64-windows\Java\Demo\femr-master\femr-master\app\femr\ui\helpers\security\AllowedRoles.java
C:\Users\Michelle\Downloads\SourceMeter-8.1.0-x64-windows\SourceMeter-8.1.0-x64-windows\Java\Demo\femr-master\femr-master\app\femr\ui\helpers\security\AllowedRolesAction.java
C:\Users\Michelle\Downloads\SourceMeter-8.1.0-x64-windows\SourceMeter-8.1.0-x64-windows\Java\Demo\femr-master\femr-master\app\femr\ui\helpers\security\FEMRAuthenticated.java
C:\Users\Michelle\Downloads\SourceMeter-8.1.0-x64-windows\SourceMeter-8.1.0-x64-windows\Java\Demo\femr-master\femr-master\app\femr\ui\models\admin\configure\IndexViewModelGet.java
C:\Users\Michelle\Downloads\SourceMeter-8.1.0-x64-windows\SourceMeter-8.1.0-x64-windows\Java\Demo\femr-master\femr-master\app\femr\ui\models\admin\configure\IndexViewModelPost.java
C:\Users\Michelle\Downloads\SourceMeter-8.1.0-x64-windows\SourceMeter-8.1.0-x64-windows\Java\Demo\femr-master\femr-master\app\femr\ui\models\admin\inventory\InventoryViewModelGet.java
C:\Users\Michelle\Downloads\SourceMeter-8.1.0-x64-windows\SourceMeter-8.1.0-x64-windows\Java\Demo\femr-master\femr-master\app\femr\ui\models\admin\inventory\InventoryViewModelPost.java
C:\Users\Michelle\Downloads\SourceMeter-8.1.0-x64-windows\SourceMeter-8.1.0-x64-windows\Java\Demo\femr-master\femr-master\app\femr\ui\models\admin\trips\EditViewModelGet.java
C:\Users\Michelle\Downloads\SourceMeter-8.1.0-x64-windows\SourceMeter-8.1.0-x64-windows\Java\Demo\femr-master\femr-master\app\femr\ui\models\admin\trips\EditViewModelPost.java
C:\Users\Michelle\Downloads\SourceMeter-8.1.0-x64-windows\SourceMeter-8.1.0-x64-windows\Java\Demo\femr-master\femr-master\app\femr\ui\models\admin\trips\TripViewModelGet.java
C:\Users\Michelle\Downloads\SourceMeter-8.1.0-x64-windows\SourceMeter-8.1.0-x64-windows\Java\Demo\femr-master\femr-master\app\femr\ui\models\admin\trips\TripViewModelPost.java
C:\Users\Michelle\Downloads\SourceMeter-8.1.0-x64-windows\SourceMeter-8.1.0-x64-windows\Java\Demo\femr-master\femr-master\app\femr\ui\models\admin\users\CreateViewModel.java
C:\Users\Michelle\Downloads\SourceMeter-8.1.0-x64-windows\SourceMeter-8.1.0-x64-windows\Java\Demo\femr-master\femr-master\app\femr\ui\models\admin\users\EditViewModel.java
C:\Users\Michelle\Downloads\SourceMeter-8.1.0-x64-windows\SourceMeter-8.1.0-x64-windows\Java\Demo\femr-master\femr-master\app\femr\ui\models\admin\users\IndexViewModelGet.java
C:\Users\Michelle\Downloads\SourceMeter-8.1.0-x64-windows\SourceMeter-8.1.0-x64-windows\Java\Demo\femr-master\femr-master\app\femr\ui\models\admin\users\ManageViewModelGet.java
C:\Users\Michelle\Downloads\SourceMeter-8.1.0-x64-windows\SourceMeter-8.1.0-x64-windows\Java\Demo\femr-master\femr-master\app\femr\ui\models\history\fieldValueViewModel.java
C:\Users\Michelle\Downloads\SourceMeter-8.1.0-x64-windows\SourceMeter-8.1.0-x64-windows\Java\Demo\femr-master\femr-master\app\femr\ui\models\history\IndexEncounterMedicalViewModel.java
C:\Users\Michelle\Downloads\SourceMeter-8.1.0-x64-windows\SourceMeter-8.1.0-x64-windows\Java\Demo\femr-master\femr-master\app\femr\ui\models\history\IndexEncounterPharmacyViewModel.java
C:\Users\Michelle\Downloads\SourceMeter-8.1.0-x64-windows\SourceMeter-8.1.0-x64-windows\Java\Demo\femr-master\femr-master\app\femr\ui\models\history\IndexEncounterViewModel.java
C:\Users\Michelle\Downloads\SourceMeter-8.1.0-x64-windows\SourceMeter-8.1.0-x64-windows\Java\Demo\femr-master\femr-master\app\femr\ui\models\history\IndexPatientViewModelGet.java
C:\Users\Michelle\Downloads\SourceMeter-8.1.0-x64-windows\SourceMeter-8.1.0-x64-windows\Java\Demo\femr-master\femr-master\app\femr\ui\models\medical\EditViewModelGet.java
C:\Users\Michelle\Downloads\SourceMeter-8.1.0-x64-windows\SourceMeter-8.1.0-x64-windows\Java\Demo\femr-master\femr-master\app\femr\ui\models\medical\EditViewModelPost.java
C:\Users\Michelle\Downloads\SourceMeter-8.1.0-x64-windows\SourceMeter-8.1.0-x64-windows\Java\Demo\femr-master\femr-master\app\femr\ui\models\medical\UpdateVitalsModel.java
C:\Users\Michelle\Downloads\SourceMeter-8.1.0-x64-windows\SourceMeter-8.1.0-x64-windows\Java\Demo\femr-master\femr-master\app\femr\ui\models\pharmacy\EditViewModelGet.java
C:\Users\Michelle\Downloads\SourceMeter-8.1.0-x64-windows\SourceMeter-8.1.0-x64-windows\Java\Demo\femr-master\femr-master\app\femr\ui\models\pharmacy\EditViewModelPost.java
C:\Users\Michelle\Downloads\SourceMeter-8.1.0-x64-windows\SourceMeter-8.1.0-x64-windows\Java\Demo\femr-master\femr-master\app\femr\ui\models\research\FilterViewModel.java
C:\Users\Michelle\Downloads\SourceMeter-8.1.0-x64-windows\SourceMeter-8.1.0-x64-windows\Java\Demo\femr-master\femr-master\app\femr\ui\models\research\json\ResearchGraphDataModel.java
C:\Users\Michelle\Downloads\SourceMeter-8.1.0-x64-windows\SourceMeter-8.1.0-x64-windows\Java\Demo\femr-master\femr-master\app\femr\ui\models\research\json\ResearchItemModel.java
C:\Users\Michelle\Downloads\SourceMeter-8.1.0-x64-windows\SourceMeter-8.1.0-x64-windows\Java\Demo\femr-master\femr-master\app\femr\ui\models\search\json\CitySearch.java
C:\Users\Michelle\Downloads\SourceMeter-8.1.0-x64-windows\SourceMeter-8.1.0-x64-windows\Java\Demo\femr-master\femr-master\app\femr\ui\models\search\json\PatientSearch.java
C:\Users\Michelle\Downloads\SourceMeter-8.1.0-x64-windows\SourceMeter-8.1.0-x64-windows\Java\Demo\femr-master\femr-master\app\femr\ui\models\sessions\CreateViewModel.java
C:\Users\Michelle\Downloads\SourceMeter-8.1.0-x64-windows\SourceMeter-8.1.0-x64-windows\Java\Demo\femr-master\femr-master\app\femr\ui\models\superuser\ContentViewModelGet.java
C:\Users\Michelle\Downloads\SourceMeter-8.1.0-x64-windows\SourceMeter-8.1.0-x64-windows\Java\Demo\femr-master\femr-master\app\femr\ui\models\superuser\ContentViewModelPost.java
C:\Users\Michelle\Downloads\SourceMeter-8.1.0-x64-windows\SourceMeter-8.1.0-x64-windows\Java\Demo\femr-master\femr-master\app\femr\ui\models\superuser\TabsViewModelGet.java
C:\Users\Michelle\Downloads\SourceMeter-8.1.0-x64-windows\SourceMeter-8.1.0-x64-windows\Java\Demo\femr-master\femr-master\app\femr\ui\models\superuser\TabsViewModelPost.java
C:\Users\Michelle\Downloads\SourceMeter-8.1.0-x64-windows\SourceMeter-8.1.0-x64-windows\Java\Demo\femr-master\femr-master\app\femr\ui\models\triage\DeleteViewModelPost.java
C:\Users\Michelle\Downloads\SourceMeter-8.1.0-x64-windows\SourceMeter-8.1.0-x64-windows\Java\Demo\femr-master\femr-master\app\femr\ui\models\triage\EditViewModelPost.java
C:\Users\Michelle\Downloads\SourceMeter-8.1.0-x64-windows\SourceMeter-8.1.0-x64-windows\Java\Demo\femr-master\femr-master\app\femr\ui\models\triage\IndexViewModelGet.java
C:\Users\Michelle\Downloads\SourceMeter-8.1.0-x64-windows\SourceMeter-8.1.0-x64-windows\Java\Demo\femr-master\femr-master\app\femr\ui\models\triage\IndexViewModelPost.java
C:\Users\Michelle\Downloads\SourceMeter-8.1.0-x64-windows\SourceMeter-8.1.0-x64-windows\Java\Demo\femr-master\femr-master\app\femr\ui\views\partials\helpers\AuthenticatedPartialHelper.java
C:\Users\Michelle\Downloads\SourceMeter-8.1.0-x64-windows\SourceMeter-8.1.0-x64-windows\Java\Demo\femr-master\femr-master\app\femr\util\calculations\dateUtils.java
C:\Users\Michelle\Downloads\SourceMeter-8.1.0-x64-windows\SourceMeter-8.1.0-x64-windows\Java\Demo\femr-master\femr-master\app\femr\util\calculations\LocaleUnitConverter.java
C:\Users\Michelle\Downloads\SourceMeter-8.1.0-x64-windows\SourceMeter-8.1.0-x64-windows\Java\Demo\femr-master\femr-master\app\femr\util\DataStructure\Mapping\AbstractMultiMap.java
C:\Users\Michelle\Downloads\SourceMeter-8.1.0-x64-windows\SourceMeter-8.1.0-x64-windows\Java\Demo\femr-master\femr-master\app\femr\util\DataStructure\Mapping\TabFieldMultiMap.java
C:\Users\Michelle\Downloads\SourceMeter-8.1.0-x64-windows\SourceMeter-8.1.0-x64-windows\Java\Demo\femr-master\femr-master\app\femr\util\DataStructure\Mapping\VitalMultiMap.java
C:\Users\Michelle\Downloads\SourceMeter-8.1.0-x64-windows\SourceMeter-8.1.0-x64-windows\Java\Demo\femr-master\femr-master\app\femr\util\DataStructure\Pair.java
C:\Users\Michelle\Downloads\SourceMeter-8.1.0-x64-windows\SourceMeter-8.1.0-x64-windows\Java\Demo\femr-master\femr-master\app\femr\util\dependencyinjection\modules\BusinessLayerModule.java
C:\Users\Michelle\Downloads\SourceMeter-8.1.0-x64-windows\SourceMeter-8.1.0-x64-windows\Java\Demo\femr-master\femr-master\app\femr\util\dependencyinjection\modules\DataLayerModule.java
C:\Users\Michelle\Downloads\SourceMeter-8.1.0-x64-windows\SourceMeter-8.1.0-x64-windows\Java\Demo\femr-master\femr-master\app\femr\util\dependencyinjection\modules\MapperModule.java
C:\Users\Michelle\Downloads\SourceMeter-8.1.0-x64-windows\SourceMeter-8.1.0-x64-windows\Java\Demo\femr-master\femr-master\app\femr\util\dependencyinjection\modules\UtilitiesModule.java
C:\Users\Michelle\Downloads\SourceMeter-8.1.0-x64-windows\SourceMeter-8.1.0-x64-windows\Java\Demo\femr-master\femr-master\app\femr\util\dependencyinjection\providers\ChiefComplaintProvider.java
C:\Users\Michelle\Downloads\SourceMeter-8.1.0-x64-windows\SourceMeter-8.1.0-x64-windows\Java\Demo\femr-master\femr-master\app\femr\util\dependencyinjection\providers\ConceptDiagnosisProvider.java
C:\Users\Michelle\Downloads\SourceMeter-8.1.0-x64-windows\SourceMeter-8.1.0-x64-windows\Java\Demo\femr-master\femr-master\app\femr\util\dependencyinjection\providers\ConceptMedicationFormProvider.java
C:\Users\Michelle\Downloads\SourceMeter-8.1.0-x64-windows\SourceMeter-8.1.0-x64-windows\Java\Demo\femr-master\femr-master\app\femr\util\dependencyinjection\providers\ConceptMedicationUnitProvider.java
C:\Users\Michelle\Downloads\SourceMeter-8.1.0-x64-windows\SourceMeter-8.1.0-x64-windows\Java\Demo\femr-master\femr-master\app\femr\util\dependencyinjection\providers\ConceptPrescriptionAdministrationProvider.java
C:\Users\Michelle\Downloads\SourceMeter-8.1.0-x64-windows\SourceMeter-8.1.0-x64-windows\Java\Demo\femr-master\femr-master\app\femr\util\dependencyinjection\providers\LoginAttemptProvider.java
C:\Users\Michelle\Downloads\SourceMeter-8.1.0-x64-windows\SourceMeter-8.1.0-x64-windows\Java\Demo\femr-master\femr-master\app\femr\util\dependencyinjection\providers\MedicationGenericProvider.java
C:\Users\Michelle\Downloads\SourceMeter-8.1.0-x64-windows\SourceMeter-8.1.0-x64-windows\Java\Demo\femr-master\femr-master\app\femr\util\dependencyinjection\providers\MedicationGenericStrengthProvider.java
C:\Users\Michelle\Downloads\SourceMeter-8.1.0-x64-windows\SourceMeter-8.1.0-x64-windows\Java\Demo\femr-master\femr-master\app\femr\util\dependencyinjection\providers\MedicationInventoryProvider.java
C:\Users\Michelle\Downloads\SourceMeter-8.1.0-x64-windows\SourceMeter-8.1.0-x64-windows\Java\Demo\femr-master\femr-master\app\femr\util\dependencyinjection\providers\MedicationProvider.java
C:\Users\Michelle\Downloads\SourceMeter-8.1.0-x64-windows\SourceMeter-8.1.0-x64-windows\Java\Demo\femr-master\femr-master\app\femr\util\dependencyinjection\providers\MissionCityProvider.java
C:\Users\Michelle\Downloads\SourceMeter-8.1.0-x64-windows\SourceMeter-8.1.0-x64-windows\Java\Demo\femr-master\femr-master\app\femr\util\dependencyinjection\providers\MissionCountryProvider.java
C:\Users\Michelle\Downloads\SourceMeter-8.1.0-x64-windows\SourceMeter-8.1.0-x64-windows\Java\Demo\femr-master\femr-master\app\femr\util\dependencyinjection\providers\MissionTeamProvider.java
C:\Users\Michelle\Downloads\SourceMeter-8.1.0-x64-windows\SourceMeter-8.1.0-x64-windows\Java\Demo\femr-master\femr-master\app\femr\util\dependencyinjection\providers\MissionTripProvider.java
C:\Users\Michelle\Downloads\SourceMeter-8.1.0-x64-windows\SourceMeter-8.1.0-x64-windows\Java\Demo\femr-master\femr-master\app\femr\util\dependencyinjection\providers\PatientAgeClassificationProvider.java
C:\Users\Michelle\Downloads\SourceMeter-8.1.0-x64-windows\SourceMeter-8.1.0-x64-windows\Java\Demo\femr-master\femr-master\app\femr\util\dependencyinjection\providers\PatientEncounterPhotoProvider.java
C:\Users\Michelle\Downloads\SourceMeter-8.1.0-x64-windows\SourceMeter-8.1.0-x64-windows\Java\Demo\femr-master\femr-master\app\femr\util\dependencyinjection\providers\PatientEncounterProvider.java
C:\Users\Michelle\Downloads\SourceMeter-8.1.0-x64-windows\SourceMeter-8.1.0-x64-windows\Java\Demo\femr-master\femr-master\app\femr\util\dependencyinjection\providers\PatientEncounterTabFieldProvider.java
C:\Users\Michelle\Downloads\SourceMeter-8.1.0-x64-windows\SourceMeter-8.1.0-x64-windows\Java\Demo\femr-master\femr-master\app\femr\util\dependencyinjection\providers\PatientEncounterVitalProvider.java
C:\Users\Michelle\Downloads\SourceMeter-8.1.0-x64-windows\SourceMeter-8.1.0-x64-windows\Java\Demo\femr-master\femr-master\app\femr\util\dependencyinjection\providers\PatientPrescriptionProvider.java
C:\Users\Michelle\Downloads\SourceMeter-8.1.0-x64-windows\SourceMeter-8.1.0-x64-windows\Java\Demo\femr-master\femr-master\app\femr\util\dependencyinjection\providers\PatientPrescriptionReplacementProvider.java
C:\Users\Michelle\Downloads\SourceMeter-8.1.0-x64-windows\SourceMeter-8.1.0-x64-windows\Java\Demo\femr-master\femr-master\app\femr\util\dependencyinjection\providers\PatientPrescriptionReplacementReasonProvider.java
C:\Users\Michelle\Downloads\SourceMeter-8.1.0-x64-windows\SourceMeter-8.1.0-x64-windows\Java\Demo\femr-master\femr-master\app\femr\util\dependencyinjection\providers\PatientProvider.java
C:\Users\Michelle\Downloads\SourceMeter-8.1.0-x64-windows\SourceMeter-8.1.0-x64-windows\Java\Demo\femr-master\femr-master\app\femr\util\dependencyinjection\providers\PhotoProvider.java
C:\Users\Michelle\Downloads\SourceMeter-8.1.0-x64-windows\SourceMeter-8.1.0-x64-windows\Java\Demo\femr-master\femr-master\app\femr\util\dependencyinjection\providers\ResearchEncounterProvider.java
C:\Users\Michelle\Downloads\SourceMeter-8.1.0-x64-windows\SourceMeter-8.1.0-x64-windows\Java\Demo\femr-master\femr-master\app\femr\util\dependencyinjection\providers\ResearchEncounterVitalProvider.java
C:\Users\Michelle\Downloads\SourceMeter-8.1.0-x64-windows\SourceMeter-8.1.0-x64-windows\Java\Demo\femr-master\femr-master\app\femr\util\dependencyinjection\providers\RoleProvider.java
C:\Users\Michelle\Downloads\SourceMeter-8.1.0-x64-windows\SourceMeter-8.1.0-x64-windows\Java\Demo\femr-master\femr-master\app\femr\util\dependencyinjection\providers\SystemSettingProvider.java
C:\Users\Michelle\Downloads\SourceMeter-8.1.0-x64-windows\SourceMeter-8.1.0-x64-windows\Java\Demo\femr-master\femr-master\app\femr\util\dependencyinjection\providers\TabFieldProvider.java
C:\Users\Michelle\Downloads\SourceMeter-8.1.0-x64-windows\SourceMeter-8.1.0-x64-windows\Java\Demo\femr-master\femr-master\app\femr\util\dependencyinjection\providers\TabFieldSizeProvider.java
C:\Users\Michelle\Downloads\SourceMeter-8.1.0-x64-windows\SourceMeter-8.1.0-x64-windows\Java\Demo\femr-master\femr-master\app\femr\util\dependencyinjection\providers\TabFieldTypeProvider.java
C:\Users\Michelle\Downloads\SourceMeter-8.1.0-x64-windows\SourceMeter-8.1.0-x64-windows\Java\Demo\femr-master\femr-master\app\femr\util\dependencyinjection\providers\TabProvider.java
C:\Users\Michelle\Downloads\SourceMeter-8.1.0-x64-windows\SourceMeter-8.1.0-x64-windows\Java\Demo\femr-master\femr-master\app\femr\util\dependencyinjection\providers\UserProvider.java
C:\Users\Michelle\Downloads\SourceMeter-8.1.0-x64-windows\SourceMeter-8.1.0-x64-windows\Java\Demo\femr-master\femr-master\app\femr\util\dependencyinjection\providers\VitalProvider.java
C:\Users\Michelle\Downloads\SourceMeter-8.1.0-x64-windows\SourceMeter-8.1.0-x64-windows\Java\Demo\femr-master\femr-master\app\femr\util\encryptions\BCryptPasswordEncryptor.java
C:\Users\Michelle\Downloads\SourceMeter-8.1.0-x64-windows\SourceMeter-8.1.0-x64-windows\Java\Demo\femr-master\femr-master\app\femr\util\encryptions\IPasswordEncryptor.java
C:\Users\Michelle\Downloads\SourceMeter-8.1.0-x64-windows\SourceMeter-8.1.0-x64-windows\Java\Demo\femr-master\femr-master\app\femr\util\startup\DatabaseSeeder.java
C:\Users\Michelle\Downloads\SourceMeter-8.1.0-x64-windows\SourceMeter-8.1.0-x64-windows\Java\Demo\femr-master\femr-master\app\femr\util\startup\Global.java
C:\Users\Michelle\Downloads\SourceMeter-8.1.0-x64-windows\SourceMeter-8.1.0-x64-windows\Java\Demo\femr-master\femr-master\app\femr\util\startup\MedicationDatabaseSeeder.java
C:\Users\Michelle\Downloads\SourceMeter-8.1.0-x64-windows\SourceMeter-8.1.0-x64-windows\Java\Demo\femr-master\femr-master\app\femr\util\stringhelpers\CSVWriterGson.java
C:\Users\Michelle\Downloads\SourceMeter-8.1.0-x64-windows\SourceMeter-8.1.0-x64-windows\Java\Demo\femr-master\femr-master\app\femr\util\stringhelpers\GsonFlattener.java
C:\Users\Michelle\Downloads\SourceMeter-8.1.0-x64-windows\SourceMeter-8.1.0-x64-windows\Java\Demo\femr-master\femr-master\app\femr\util\stringhelpers\StringUtils.java
C:\Users\Michelle\Downloads\SourceMeter-8.1.0-x64-windows\SourceMeter-8.1.0-x64-windows\Java\Demo\femr-master\femr-master\test\functional\IntegrationTest.java
C:\Users\Michelle\Downloads\SourceMeter-8.1.0-x64-windows\SourceMeter-8.1.0-x64-windows\Java\Demo\femr-master\femr-master\test\mock\femr\business\services\MockResearchService.java
C:\Users\Michelle\Downloads\SourceMeter-8.1.0-x64-windows\SourceMeter-8.1.0-x64-windows\Java\Demo\femr-master\femr-master\test\mock\femr\business\services\MockSessionsService.java
C:\Users\Michelle\Downloads\SourceMeter-8.1.0-x64-windows\SourceMeter-8.1.0-x64-windows\Java\Demo\femr-master\femr-master\test\mock\femr\business\services\MockTriageService.java
C:\Users\Michelle\Downloads\SourceMeter-8.1.0-x64-windows\SourceMeter-8.1.0-x64-windows\Java\Demo\femr-master\femr-master\test\mock\femr\business\services\MockUserService.java
C:\Users\Michelle\Downloads\SourceMeter-8.1.0-x64-windows\SourceMeter-8.1.0-x64-windows\Java\Demo\femr-master\femr-master\test\mock\femr\business\wrappers\sessions\MockSessionHelper.java
C:\Users\Michelle\Downloads\SourceMeter-8.1.0-x64-windows\SourceMeter-8.1.0-x64-windows\Java\Demo\femr-master\femr-master\test\mock\femr\data\daos\MockRepository.java
C:\Users\Michelle\Downloads\SourceMeter-8.1.0-x64-windows\SourceMeter-8.1.0-x64-windows\Java\Demo\femr-master\femr-master\test\mock\femr\data\MockDataModelMapper.java
C:\Users\Michelle\Downloads\SourceMeter-8.1.0-x64-windows\SourceMeter-8.1.0-x64-windows\Java\Demo\femr-master\femr-master\test\mock\femr\data\models\MockPatient.java
C:\Users\Michelle\Downloads\SourceMeter-8.1.0-x64-windows\SourceMeter-8.1.0-x64-windows\Java\Demo\femr-master\femr-master\test\mock\femr\data\models\MockPatientEncounter.java
C:\Users\Michelle\Downloads\SourceMeter-8.1.0-x64-windows\SourceMeter-8.1.0-x64-windows\Java\Demo\femr-master\femr-master\test\mock\femr\data\models\MockPatientEncounterVital.java
C:\Users\Michelle\Downloads\SourceMeter-8.1.0-x64-windows\SourceMeter-8.1.0-x64-windows\Java\Demo\femr-master\femr-master\test\mock\femr\data\models\MockPatientPrescription.java
C:\Users\Michelle\Downloads\SourceMeter-8.1.0-x64-windows\SourceMeter-8.1.0-x64-windows\Java\Demo\femr-master\femr-master\test\mock\femr\data\models\MockUser.java
C:\Users\Michelle\Downloads\SourceMeter-8.1.0-x64-windows\SourceMeter-8.1.0-x64-windows\Java\Demo\femr-master\femr-master\test\mock\femr\util\encryptions\MockPasswordEncryptor.java
C:\Users\Michelle\Downloads\SourceMeter-8.1.0-x64-windows\SourceMeter-8.1.0-x64-windows\Java\Demo\femr-master\femr-master\test\unit\app\femr\business\services\MedicalServiceTest.java
C:\Users\Michelle\Downloads\SourceMeter-8.1.0-x64-windows\SourceMeter-8.1.0-x64-windows\Java\Demo\femr-master\femr-master\test\unit\app\femr\business\services\PatientServiceTest.java
C:\Users\Michelle\Downloads\SourceMeter-8.1.0-x64-windows\SourceMeter-8.1.0-x64-windows\Java\Demo\femr-master\femr-master\test\unit\app\femr\business\services\PharmacyServiceTest.java
C:\Users\Michelle\Downloads\SourceMeter-8.1.0-x64-windows\SourceMeter-8.1.0-x64-windows\Java\Demo\femr-master\femr-master\test\unit\app\femr\business\services\ResearchServiceTest.java
C:\Users\Michelle\Downloads\SourceMeter-8.1.0-x64-windows\SourceMeter-8.1.0-x64-windows\Java\Demo\femr-master\femr-master\test\unit\app\femr\business\services\SessionServiceTest.java
C:\Users\Michelle\Downloads\SourceMeter-8.1.0-x64-windows\SourceMeter-8.1.0-x64-windows\Java\Demo\femr-master\femr-master\test\unit\app\femr\business\services\TriageServiceTest.java
C:\Users\Michelle\Downloads\SourceMeter-8.1.0-x64-windows\SourceMeter-8.1.0-x64-windows\Java\Demo\femr-master\femr-master\test\unit\app\femr\ui\controllers\HomeControllerTest.java
C:\Users\Michelle\Downloads\SourceMeter-8.1.0-x64-windows\SourceMeter-8.1.0-x64-windows\Java\Demo\femr-master\femr-master\test\unit\app\femr\ui\controllers\ResearchControllerTest.java
C:\Users\Michelle\Downloads\SourceMeter-8.1.0-x64-windows\SourceMeter-8.1.0-x64-windows\Java\Demo\femr-master\femr-master\test\unit\app\femr\ui\controllers\SessionsControllerTest.java
C:\Users\Michelle\Downloads\SourceMeter-8.1.0-x64-windows\SourceMeter-8.1.0-x64-windows\Java\Demo\femr-master\femr-master\test\unit\app\femr\ui\views\home\IndexTest.java
C:\Users\Michelle\Downloads\SourceMeter-8.1.0-x64-windows\SourceMeter-8.1.0-x64-windows\Java\Demo\femr-master\femr-master\test\unit\app\femr\ui\views\home\ResearchIndexTest.java
C:\Users\Michelle\Downloads\SourceMeter-8.1.0-x64-windows\SourceMeter-8.1.0-x64-windows\Java\Demo\femr-master\femr-master\test\util\dependencyinjection\modules\TestBusinessLayerModule.java
C:\Users\Michelle\Downloads\SourceMeter-8.1.0-x64-windows\SourceMeter-8.1.0-x64-windows\Java\Demo\femr-master\femr-master\test\util\dependencyinjection\modules\TestDataLayerModule.java
C:\Users\Michelle\Downloads\SourceMeter-8.1.0-x64-windows\SourceMeter-8.1.0-x64-windows\Java\Demo\femr-master\femr-master\test\util\dependencyinjection\modules\TestUtilitiesModule.java
C:\Users\Michelle\Downloads\SourceMeter-8.1.0-x64-windows\SourceMeter-8.1.0-x64-windows\Java\Demo\femr-master\femr-master\test\util\runners\GuiceJUnitRunner.java
